27-Jun-2019 18:27:37.405 정보 [main] org.apache.catalina.core.ApplicationContext.log ContextListener: contextInitialized()
27-Jun-2019 18:27:37.405 정보 [main] org.apache.catalina.core.ApplicationContext.log SessionListener: contextInitialized()
27-Jun-2019 18:27:37.405 정보 [main] org.apache.catalina.core.ApplicationContext.log ContextListener: attributeAdded('StockTicker', 'async.Stockticker@68267da0')
27-Jun-2019 18:29:41.605 정보 [main] org.apache.catalina.core.ApplicationContext.log SessionListener: contextDestroyed()
27-Jun-2019 18:29:41.605 정보 [main] org.apache.catalina.core.ApplicationContext.log ContextListener: contextDestroyed()
27-Jun-2019 18:29:46.600 정보 [main] org.apache.catalina.core.ApplicationContext.log ContextListener: contextInitialized()
27-Jun-2019 18:29:46.600 정보 [main] org.apache.catalina.core.ApplicationContext.log SessionListener: contextInitialized()
27-Jun-2019 18:29:46.600 정보 [main] org.apache.catalina.core.ApplicationContext.log ContextListener: attributeAdded('StockTicker', 'async.Stockticker@68267da0')
27-Jun-2019 18:40:17.690 정보 [main] org.apache.catalina.core.ApplicationContext.log SessionListener: contextDestroyed()
27-Jun-2019 18:40:17.690 정보 [main] org.apache.catalina.core.ApplicationContext.log ContextListener: contextDestroyed()
27-Jun-2019 18:40:23.031 정보 [main] org.apache.catalina.core.ApplicationContext.log ContextListener: contextInitialized()
27-Jun-2019 18:40:23.031 정보 [main] org.apache.catalina.core.ApplicationContext.log SessionListener: contextInitialized()
27-Jun-2019 18:40:23.031 정보 [main] org.apache.catalina.core.ApplicationContext.log ContextListener: attributeAdded('StockTicker', 'async.Stockticker@1bb266b3')
27-Jun-2019 18:40:38.652 심각 [http-nio-8080-exec-4] org.apache.catalina.core.StandardWrapperValve.invoke 경로가 [/web1]인 컨텍스트의 서블릿 [lab.web.controller.UploadServlet]을(를) 위한 Servlet.service() 호출이 예외를 발생시켰습니다.
	java.io.IOException: 임시 파일 업로드 위치 [C:\apache-tomcat-9.0.21\work\Catalina\localhost\web1\.\uploads]은(는) 유효하지 않습니다.
		at org.apache.catalina.connector.Request.parseParts(Request.java:2856)
		at org.apache.catalina.connector.Request.getParts(Request.java:2780)
		at org.apache.catalina.connector.RequestFacade.getParts(RequestFacade.java:1098)
		at lab.web.controller.UploadServlet.doPost(UploadServlet.java:37)
		at javax.servlet.http.HttpServlet.service(HttpServlet.java:660)
		at javax.servlet.http.HttpServlet.service(HttpServlet.java:741)
		at org.apache.catalina.core.ApplicationFilterChain.internalDoFilter(ApplicationFilterChain.java:231)
		at org.apache.catalina.core.ApplicationFilterChain.doFilter(ApplicationFilterChain.java:166)
		at org.apache.tomcat.websocket.server.WsFilter.doFilter(WsFilter.java:53)
		at org.apache.catalina.core.ApplicationFilterChain.internalDoFilter(ApplicationFilterChain.java:193)
		at org.apache.catalina.core.ApplicationFilterChain.doFilter(ApplicationFilterChain.java:166)
		at org.apache.catalina.core.StandardWrapperValve.invoke(StandardWrapperValve.java:202)
		at org.apache.catalina.core.StandardContextValve.invoke(StandardContextValve.java:96)
		at org.apache.catalina.authenticator.AuthenticatorBase.invoke(AuthenticatorBase.java:490)
		at org.apache.catalina.core.StandardHostValve.invoke(StandardHostValve.java:139)
		at org.apache.catalina.valves.ErrorReportValve.invoke(ErrorReportValve.java:92)
		at org.apache.catalina.valves.AbstractAccessLogValve.invoke(AbstractAccessLogValve.java:678)
		at org.apache.catalina.core.StandardEngineValve.invoke(StandardEngineValve.java:74)
		at org.apache.catalina.connector.CoyoteAdapter.service(CoyoteAdapter.java:343)
		at org.apache.coyote.http11.Http11Processor.service(Http11Processor.java:408)
		at org.apache.coyote.AbstractProcessorLight.process(AbstractProcessorLight.java:66)
		at org.apache.coyote.AbstractProtocol$ConnectionHandler.process(AbstractProtocol.java:853)
		at org.apache.tomcat.util.net.NioEndpoint$SocketProcessor.doRun(NioEndpoint.java:1587)
		at org.apache.tomcat.util.net.SocketProcessorBase.run(SocketProcessorBase.java:49)
		at java.util.concurrent.ThreadPoolExecutor.runWorker(ThreadPoolExecutor.java:1149)
		at java.util.concurrent.ThreadPoolExecutor$Worker.run(ThreadPoolExecutor.java:624)
		at org.apache.tomcat.util.threads.TaskThread$WrappingRunnable.run(TaskThread.java:61)
		at java.lang.Thread.run(Thread.java:748)
27-Jun-2019 18:43:27.230 정보 [main] org.apache.catalina.core.ApplicationContext.log SessionListener: contextDestroyed()
27-Jun-2019 18:43:27.230 정보 [main] org.apache.catalina.core.ApplicationContext.log ContextListener: contextDestroyed()
27-Jun-2019 18:43:30.680 정보 [main] org.apache.catalina.core.ApplicationContext.log ContextListener: contextInitialized()
27-Jun-2019 18:43:30.680 정보 [main] org.apache.catalina.core.ApplicationContext.log SessionListener: contextInitialized()
27-Jun-2019 18:43:30.682 정보 [main] org.apache.catalina.core.ApplicationContext.log ContextListener: attributeAdded('StockTicker', 'async.Stockticker@1bb266b3')
27-Jun-2019 18:43:58.392 심각 [http-nio-8080-exec-1] org.apache.catalina.core.StandardWrapperValve.invoke 경로가 [/web1]인 컨텍스트의 서블릿 [lab.web.controller.UploadServlet]을(를) 위한 Servlet.service() 호출이 예외를 발생시켰습니다.
	java.io.IOException: 임시 파일 업로드 위치 [C:\apache-tomcat-9.0.21\work\Catalina\localhost\web1\uploads]은(는) 유효하지 않습니다.
		at org.apache.catalina.connector.Request.parseParts(Request.java:2856)
		at org.apache.catalina.connector.Request.getParts(Request.java:2780)
		at org.apache.catalina.connector.RequestFacade.getParts(RequestFacade.java:1098)
		at lab.web.controller.UploadServlet.doPost(UploadServlet.java:37)
		at javax.servlet.http.HttpServlet.service(HttpServlet.java:660)
		at javax.servlet.http.HttpServlet.service(HttpServlet.java:741)
		at org.apache.catalina.core.ApplicationFilterChain.internalDoFilter(ApplicationFilterChain.java:231)
		at org.apache.catalina.core.ApplicationFilterChain.doFilter(ApplicationFilterChain.java:166)
		at org.apache.tomcat.websocket.server.WsFilter.doFilter(WsFilter.java:53)
		at org.apache.catalina.core.ApplicationFilterChain.internalDoFilter(ApplicationFilterChain.java:193)
		at org.apache.catalina.core.ApplicationFilterChain.doFilter(ApplicationFilterChain.java:166)
		at org.apache.catalina.core.StandardWrapperValve.invoke(StandardWrapperValve.java:202)
		at org.apache.catalina.core.StandardContextValve.invoke(StandardContextValve.java:96)
		at org.apache.catalina.authenticator.AuthenticatorBase.invoke(AuthenticatorBase.java:490)
		at org.apache.catalina.core.StandardHostValve.invoke(StandardHostValve.java:139)
		at org.apache.catalina.valves.ErrorReportValve.invoke(ErrorReportValve.java:92)
		at org.apache.catalina.valves.AbstractAccessLogValve.invoke(AbstractAccessLogValve.java:678)
		at org.apache.catalina.core.StandardEngineValve.invoke(StandardEngineValve.java:74)
		at org.apache.catalina.connector.CoyoteAdapter.service(CoyoteAdapter.java:343)
		at org.apache.coyote.http11.Http11Processor.service(Http11Processor.java:408)
		at org.apache.coyote.AbstractProcessorLight.process(AbstractProcessorLight.java:66)
		at org.apache.coyote.AbstractProtocol$ConnectionHandler.process(AbstractProtocol.java:853)
		at org.apache.tomcat.util.net.NioEndpoint$SocketProcessor.doRun(NioEndpoint.java:1587)
		at org.apache.tomcat.util.net.SocketProcessorBase.run(SocketProcessorBase.java:49)
		at java.util.concurrent.ThreadPoolExecutor.runWorker(ThreadPoolExecutor.java:1149)
		at java.util.concurrent.ThreadPoolExecutor$Worker.run(ThreadPoolExecutor.java:624)
		at org.apache.tomcat.util.threads.TaskThread$WrappingRunnable.run(TaskThread.java:61)
		at java.lang.Thread.run(Thread.java:748)
27-Jun-2019 18:46:22.393 정보 [main] org.apache.catalina.core.ApplicationContext.log SessionListener: contextDestroyed()
27-Jun-2019 18:46:22.393 정보 [main] org.apache.catalina.core.ApplicationContext.log ContextListener: contextDestroyed()
27-Jun-2019 18:46:45.111 정보 [main] org.apache.catalina.core.ApplicationContext.log ContextListener: contextInitialized()
27-Jun-2019 18:46:45.111 정보 [main] org.apache.catalina.core.ApplicationContext.log SessionListener: contextInitialized()
27-Jun-2019 18:46:45.112 정보 [main] org.apache.catalina.core.ApplicationContext.log ContextListener: attributeAdded('StockTicker', 'async.Stockticker@44821a96')
27-Jun-2019 18:51:43.076 정보 [main] org.apache.catalina.core.ApplicationContext.log SessionListener: contextDestroyed()
27-Jun-2019 18:51:43.076 정보 [main] org.apache.catalina.core.ApplicationContext.log ContextListener: contextDestroyed()
27-Jun-2019 18:55:34.101 정보 [main] org.apache.catalina.core.ApplicationContext.log ContextListener: contextInitialized()
27-Jun-2019 18:55:34.101 정보 [main] org.apache.catalina.core.ApplicationContext.log SessionListener: contextInitialized()
27-Jun-2019 18:55:34.102 정보 [main] org.apache.catalina.core.ApplicationContext.log ContextListener: attributeAdded('StockTicker', 'async.Stockticker@68267da0')
27-Jun-2019 18:57:09.775 정보 [main] org.apache.catalina.core.ApplicationContext.log SessionListener: contextDestroyed()
27-Jun-2019 18:57:09.775 정보 [main] org.apache.catalina.core.ApplicationContext.log ContextListener: contextDestroyed()
