07-Aug-2019 16:09:03.127 정보 [main] org.apache.catalina.core.ApplicationContext.log No Spring WebApplicationInitializer types detected on classpath
07-Aug-2019 16:09:03.236 정보 [main] org.apache.catalina.core.ApplicationContext.log Initializing Spring root WebApplicationContext
07-Aug-2019 16:09:14.804 정보 [main] org.apache.catalina.core.ApplicationContext.log Initializing Spring DispatcherServlet 'appServlet'
07-Aug-2019 16:09:15.982 정보 [main] org.apache.catalina.core.ApplicationContext.log ContextListener: contextInitialized()
07-Aug-2019 16:09:15.982 정보 [main] org.apache.catalina.core.ApplicationContext.log SessionListener: contextInitialized()
07-Aug-2019 16:09:15.983 정보 [main] org.apache.catalina.core.ApplicationContext.log ContextListener: attributeAdded('StockTicker', 'async.Stockticker@76d0a290')
07-Aug-2019 16:09:16.057 정보 [main] org.apache.catalina.core.ApplicationContext.log SessionListener: contextDestroyed()
07-Aug-2019 16:09:16.057 정보 [main] org.apache.catalina.core.ApplicationContext.log ContextListener: contextDestroyed()
07-Aug-2019 16:09:16.060 정보 [main] org.apache.catalina.core.ApplicationContext.log Destroying Spring FrameworkServlet 'appServlet'
07-Aug-2019 16:09:16.061 정보 [main] org.apache.catalina.core.ApplicationContext.log Closing Spring root WebApplicationContext
07-Aug-2019 16:09:36.136 정보 [main] org.apache.catalina.core.ApplicationContext.log No Spring WebApplicationInitializer types detected on classpath
07-Aug-2019 16:09:36.242 정보 [main] org.apache.catalina.core.ApplicationContext.log Initializing Spring root WebApplicationContext
07-Aug-2019 16:09:37.358 정보 [main] org.apache.catalina.core.ApplicationContext.log Initializing Spring DispatcherServlet 'appServlet'
07-Aug-2019 16:09:38.254 정보 [main] org.apache.catalina.core.ApplicationContext.log ContextListener: contextInitialized()
07-Aug-2019 16:09:38.254 정보 [main] org.apache.catalina.core.ApplicationContext.log SessionListener: contextInitialized()
07-Aug-2019 16:09:38.255 정보 [main] org.apache.catalina.core.ApplicationContext.log ContextListener: attributeAdded('StockTicker', 'async.Stockticker@43b45ce4')
07-Aug-2019 16:11:32.908 정보 [main] org.apache.catalina.core.ApplicationContext.log SessionListener: contextDestroyed()
07-Aug-2019 16:11:32.908 정보 [main] org.apache.catalina.core.ApplicationContext.log ContextListener: contextDestroyed()
07-Aug-2019 16:11:32.908 정보 [main] org.apache.catalina.core.ApplicationContext.log Destroying Spring FrameworkServlet 'appServlet'
07-Aug-2019 16:11:32.924 정보 [main] org.apache.catalina.core.ApplicationContext.log Closing Spring root WebApplicationContext
07-Aug-2019 16:13:49.802 정보 [main] org.apache.catalina.core.ApplicationContext.log No Spring WebApplicationInitializer types detected on classpath
07-Aug-2019 16:13:49.911 정보 [main] org.apache.catalina.core.ApplicationContext.log Initializing Spring root WebApplicationContext
07-Aug-2019 16:13:51.174 정보 [main] org.apache.catalina.core.ApplicationContext.log Initializing Spring DispatcherServlet 'appServlet'
07-Aug-2019 16:13:52.095 정보 [main] org.apache.catalina.core.ApplicationContext.log ContextListener: contextInitialized()
07-Aug-2019 16:13:52.095 정보 [main] org.apache.catalina.core.ApplicationContext.log SessionListener: contextInitialized()
07-Aug-2019 16:13:52.095 정보 [main] org.apache.catalina.core.ApplicationContext.log ContextListener: attributeAdded('StockTicker', 'async.Stockticker@a859c5')
07-Aug-2019 16:15:55.063 정보 [Thread-5] org.apache.catalina.core.ApplicationContext.log SessionListener: contextDestroyed()
07-Aug-2019 16:15:55.063 정보 [Thread-5] org.apache.catalina.core.ApplicationContext.log ContextListener: contextDestroyed()
07-Aug-2019 16:15:55.079 정보 [Thread-5] org.apache.catalina.core.ApplicationContext.log Destroying Spring FrameworkServlet 'appServlet'
07-Aug-2019 16:15:55.079 정보 [Thread-5] org.apache.catalina.core.ApplicationContext.log Closing Spring root WebApplicationContext
07-Aug-2019 16:19:47.510 정보 [main] org.apache.catalina.core.ApplicationContext.log No Spring WebApplicationInitializer types detected on classpath
07-Aug-2019 16:19:47.619 정보 [main] org.apache.catalina.core.ApplicationContext.log Initializing Spring root WebApplicationContext
07-Aug-2019 16:19:48.852 정보 [main] org.apache.catalina.core.ApplicationContext.log Initializing Spring DispatcherServlet 'appServlet'
07-Aug-2019 16:19:49.757 정보 [main] org.apache.catalina.core.ApplicationContext.log ContextListener: contextInitialized()
07-Aug-2019 16:19:49.757 정보 [main] org.apache.catalina.core.ApplicationContext.log SessionListener: contextInitialized()
07-Aug-2019 16:19:49.757 정보 [main] org.apache.catalina.core.ApplicationContext.log ContextListener: attributeAdded('StockTicker', 'async.Stockticker@a859c5')
07-Aug-2019 17:36:08.763 정보 [Thread-5] org.apache.catalina.core.ApplicationContext.log SessionListener: contextDestroyed()
07-Aug-2019 17:36:08.763 정보 [Thread-5] org.apache.catalina.core.ApplicationContext.log ContextListener: contextDestroyed()
07-Aug-2019 17:36:08.763 정보 [Thread-5] org.apache.catalina.core.ApplicationContext.log Destroying Spring FrameworkServlet 'appServlet'
07-Aug-2019 17:36:08.763 정보 [Thread-5] org.apache.catalina.core.ApplicationContext.log Closing Spring root WebApplicationContext
07-Aug-2019 17:38:47.425 정보 [main] org.apache.catalina.core.ApplicationContext.log No Spring WebApplicationInitializer types detected on classpath
07-Aug-2019 17:38:47.534 정보 [main] org.apache.catalina.core.ApplicationContext.log Initializing Spring root WebApplicationContext
07-Aug-2019 17:38:59.929 정보 [main] org.apache.catalina.core.ApplicationContext.log Initializing Spring DispatcherServlet 'appServlet'
07-Aug-2019 17:39:00.928 정보 [main] org.apache.catalina.core.ApplicationContext.log ContextListener: contextInitialized()
07-Aug-2019 17:39:00.928 정보 [main] org.apache.catalina.core.ApplicationContext.log SessionListener: contextInitialized()
07-Aug-2019 17:39:00.928 정보 [main] org.apache.catalina.core.ApplicationContext.log ContextListener: attributeAdded('StockTicker', 'async.Stockticker@4a45ca1c')
07-Aug-2019 17:39:01.021 정보 [main] org.apache.catalina.core.ApplicationContext.log SessionListener: contextDestroyed()
07-Aug-2019 17:39:01.021 정보 [main] org.apache.catalina.core.ApplicationContext.log ContextListener: contextDestroyed()
07-Aug-2019 17:39:01.021 정보 [main] org.apache.catalina.core.ApplicationContext.log Destroying Spring FrameworkServlet 'appServlet'
07-Aug-2019 17:39:01.037 정보 [main] org.apache.catalina.core.ApplicationContext.log Closing Spring root WebApplicationContext
07-Aug-2019 17:39:17.984 정보 [main] org.apache.catalina.core.ApplicationContext.log No Spring WebApplicationInitializer types detected on classpath
07-Aug-2019 17:39:18.094 정보 [main] org.apache.catalina.core.ApplicationContext.log Initializing Spring root WebApplicationContext
07-Aug-2019 17:39:19.232 정보 [main] org.apache.catalina.core.ApplicationContext.log Initializing Spring DispatcherServlet 'appServlet'
07-Aug-2019 17:39:20.137 정보 [main] org.apache.catalina.core.ApplicationContext.log ContextListener: contextInitialized()
07-Aug-2019 17:39:20.137 정보 [main] org.apache.catalina.core.ApplicationContext.log SessionListener: contextInitialized()
07-Aug-2019 17:39:20.137 정보 [main] org.apache.catalina.core.ApplicationContext.log ContextListener: attributeAdded('StockTicker', 'async.Stockticker@74a03bd5')
07-Aug-2019 17:41:47.074 정보 [Thread-5] org.apache.catalina.core.ApplicationContext.log SessionListener: contextDestroyed()
07-Aug-2019 17:41:47.074 정보 [Thread-5] org.apache.catalina.core.ApplicationContext.log ContextListener: contextDestroyed()
07-Aug-2019 17:41:47.074 정보 [Thread-5] org.apache.catalina.core.ApplicationContext.log Destroying Spring FrameworkServlet 'appServlet'
07-Aug-2019 17:41:47.090 정보 [Thread-5] org.apache.catalina.core.ApplicationContext.log Closing Spring root WebApplicationContext
